14:50:06 06 December 2018 
   at System.IO.__Error.WinIOError(Int32 errorCode, String maybeFullPath)
   at System.IO.File.InternalCopy(String sourceFileName, String destFileName, Boolean overwrite, Boolean checkHost)
   at AppedoLT.BusinessLogic.VariableManager.ValidateVariableVersion() in G:\workspace\Resileo-LT\AppedoLT.BusinessLogic\VariableManager.cs:line 322
The process cannot access the file 'G:\workspace\Resileo-LT\AppedoLT\bin\Debug\\Variables\636796987814574780_tripmads_credentials.csv' because it is being used by another process.
---------------------------------------
17:01:43 06 December 2018 
   at System.IO.__Error.WinIOError(Int32 errorCode, String maybeFullPath)
   at System.IO.File.InternalCopy(String sourceFileName, String destFileName, Boolean overwrite, Boolean checkHost)
   at AppedoLT.BusinessLogic.VariableManager.ValidateVariableVersion() in G:\workspace\Resileo-LT\AppedoLT.BusinessLogic\VariableManager.cs:line 322
The process cannot access the file 'G:\workspace\Resileo-LT\AppedoLT\bin\Debug\\Variables\636796987814574780_tripmads_credentials.csv' because it is being used by another process.
---------------------------------------
17:01:48 06 December 2018 
   at MS.Internal.Xml.XPath.CompiledXpathExpr.get_QueryTree()
   at System.Xml.XPath.XPathNavigator.Evaluate(XPathExpression expr, XPathNodeIterator context)
   at System.Xml.XPath.XPathNavigator.Select(XPathExpression expr)
   at System.Xml.XmlNode.SelectNodes(String xpath)
   at AppedoLT.Design.btnRun_Click(Object sender, EventArgs e) in G:\workspace\Resileo-LT\AppedoLT\Forms\Design.cs:line 908Namespace Manager or XsltContext needed. This query has a prefix, variable, or user-defined function.
---------------------------------------
17:09:39 06 December 2018 
   at System.IO.__Error.WinIOError(Int32 errorCode, String maybeFullPath)
   at System.IO.File.InternalCopy(String sourceFileName, String destFileName, Boolean overwrite, Boolean checkHost)
   at AppedoLT.BusinessLogic.VariableManager.ValidateVariableVersion() in G:\workspace\Resileo-LT\AppedoLT.BusinessLogic\VariableManager.cs:line 322
The process cannot access the file 'G:\workspace\Resileo-LT\AppedoLT\bin\Debug\\Variables\636796987814574780_tripmads_credentials.csv' because it is being used by another process.
---------------------------------------
17:20:15 06 December 2018 
   at System.IO.__Error.WinIOError(Int32 errorCode, String maybeFullPath)
   at System.IO.File.InternalCopy(String sourceFileName, String destFileName, Boolean overwrite, Boolean checkHost)
   at AppedoLT.BusinessLogic.VariableManager.ValidateVariableVersion() in G:\workspace\Resileo-LT\AppedoLT.BusinessLogic\VariableManager.cs:line 322
The process cannot access the file 'G:\workspace\Resileo-LT\AppedoLT\bin\Debug\\Variables\636796987814574780_tripmads_credentials.csv' because it is being used by another process.
---------------------------------------
17:23:42 06 December 2018 
   at System.IO.__Error.WinIOError(Int32 errorCode, String maybeFullPath)
   at System.IO.File.InternalCopy(String sourceFileName, String destFileName, Boolean overwrite, Boolean checkHost)
   at AppedoLT.BusinessLogic.VariableManager.ValidateVariableVersion() in G:\workspace\Resileo-LT\AppedoLT.BusinessLogic\VariableManager.cs:line 322
The process cannot access the file 'G:\workspace\Resileo-LT\AppedoLT\bin\Debug\\Variables\636796987814574780_tripmads_credentials.csv' because it is being used by another process.
---------------------------------------
20:11:35 06 December 2018 
excaption @ line 1400 vuser.cs Object reference not set to an instance of an object.    at AppedoLT.BusinessLogic.VUser.GetVariableValue(String variablename, Boolean isEvaluation) in G:\workspace\Resileo-LT\AppedoLT.BusinessLogic\VUser.cs:line 1397
---------------------------------------
20:11:40 06 December 2018 
excaption @ line 1400 vuser.cs Object reference not set to an instance of an object.    at AppedoLT.BusinessLogic.VUser.GetVariableValue(String variablename, Boolean isEvaluation) in G:\workspace\Resileo-LT\AppedoLT.BusinessLogic\VUser.cs:line 1397
---------------------------------------
20:11:40 06 December 2018 
excaption @ line 1400 vuser.cs Object reference not set to an instance of an object.    at AppedoLT.BusinessLogic.VUser.GetVariableValue(String variablename, Boolean isEvaluation) in G:\workspace\Resileo-LT\AppedoLT.BusinessLogic\VUser.cs:line 1397
---------------------------------------
20:11:40 06 December 2018 
excaption @ line 1400 vuser.cs Object reference not set to an instance of an object.    at AppedoLT.BusinessLogic.VUser.GetVariableValue(String variablename, Boolean isEvaluation) in G:\workspace\Resileo-LT\AppedoLT.BusinessLogic\VUser.cs:line 1397
---------------------------------------
20:11:40 06 December 2018 
excaption @ line 1400 vuser.cs Object reference not set to an instance of an object.    at AppedoLT.BusinessLogic.VUser.GetVariableValue(String variablename, Boolean isEvaluation) in G:\workspace\Resileo-LT\AppedoLT.BusinessLogic\VUser.cs:line 1397
---------------------------------------
20:11:40 06 December 2018 
excaption @ line 1400 vuser.cs Object reference not set to an instance of an object.    at AppedoLT.BusinessLogic.VUser.GetVariableValue(String variablename, Boolean isEvaluation) in G:\workspace\Resileo-LT\AppedoLT.BusinessLogic\VUser.cs:line 1397
---------------------------------------
